c:\users\ander\desktop\sourceexternal\punchmadedeano\x64\release\vc143.pdb
c:\users\ander\desktop\sourceexternal\punchmadedeano\x64\release\imgui_widgets.obj
c:\users\ander\desktop\sourceexternal\punchmadedeano\x64\release\imgui_tables.obj
c:\users\ander\desktop\sourceexternal\punchmadedeano\x64\release\imgui_impl_win32.obj
c:\users\ander\desktop\sourceexternal\punchmadedeano\x64\release\imgui_impl_dx9.obj
c:\users\ander\desktop\sourceexternal\punchmadedeano\x64\release\imgui_impl_dx11.obj
c:\users\ander\desktop\sourceexternal\punchmadedeano\x64\release\imgui_draw.obj
c:\users\ander\desktop\sourceexternal\punchmadedeano\x64\release\imgui_demo.obj
c:\users\ander\desktop\sourceexternal\punchmadedeano\x64\release\imgui.obj
c:\users\ander\desktop\sourceexternal\punchmadedeano\x64\release\entrypoint.obj
c:\users\ander\desktop\sourceexternal\punchmadedeano\x64\release\oxorany.obj
c:\users\ander\desktop\sourceexternal\x64\release\punchmadedeano.exe
c:\users\ander\desktop\sourceexternal\x64\release\punchmadedeano.pdb
c:\users\ander\desktop\sourceexternal\punchmadedeano\x64\release\punchmadedeano.ipdb
c:\users\ander\desktop\sourceexternal\punchmadedeano\x64\release\punchmadedeano.iobj
c:\users\ander\desktop\sourceexternal\punchmadedeano\x64\release\punchmadedeano.tlog\cl.command.1.tlog
c:\users\ander\desktop\sourceexternal\punchmadedeano\x64\release\punchmadedeano.tlog\cl.items.tlog
c:\users\ander\desktop\sourceexternal\punchmadedeano\x64\release\punchmadedeano.tlog\cl.read.1.tlog
c:\users\ander\desktop\sourceexternal\punchmadedeano\x64\release\punchmadedeano.tlog\cl.write.1.tlog
c:\users\ander\desktop\sourceexternal\punchmadedeano\x64\release\punchmadedeano.tlog\link.command.1.tlog
c:\users\ander\desktop\sourceexternal\punchmadedeano\x64\release\punchmadedeano.tlog\link.read.1.tlog
c:\users\ander\desktop\sourceexternal\punchmadedeano\x64\release\punchmadedeano.tlog\link.secondary.1.tlog
c:\users\ander\desktop\sourceexternal\punchmadedeano\x64\release\punchmadedeano.tlog\link.write.1.tlog
